<?xml version="1.0" encoding="UTF-8"?>
<testng-results ignored="0" total="1" passed="1" failed="0" skipped="0">
  <reporter-output>
  </reporter-output>
  <suite started-at="2021-07-08T18:49:18 IST" name="Default suite" finished-at="2021-07-08T18:49:19 IST" duration-ms="916">
    <groups>
    </groups>
    <test started-at="2021-07-08T18:49:18 IST" name="Default test" finished-at="2021-07-08T18:49:19 IST" duration-ms="916">
      <class name="CustomAPI">
        <test-method signature="test_get()[pri:0, instance:CustomAPI@625732]" started-at="2021-07-08T18:49:18 IST" name="test_get" finished-at="2021-07-08T18:49:19 IST" duration-ms="895" status="PASS">
          <reporter-output>
          </reporter-output>
        </test-method> <!-- test_get -->
      </class> <!-- CustomAPI -->
    </test> <!-- Default test -->
  </suite> <!-- Default suite -->
</testng-results>
